<?xml version="1.0" ?>
<!DOCTYPE coverage SYSTEM "http://cobertura.sourceforge.net/xml/coverage-04.dtd">
<coverage lines-valid="208" lines-covered="204" line-rate="0.9808" branches-valid="127" branches-covered="122" branch-rate="0.9606" timestamp="1577092430918" complexity="0" version="0.1">
  <sources>
    <source>/home/honey/Projects/UnitConverter</source>
  </sources>
  <packages>
    <package name="UnitConverter" line-rate="1" branch-rate="1">
      <classes>
        <class name="index.js" filename="index.js" line-rate="1" branch-rate="1">
          <methods>
          </methods>
          <lines>
            <line number="1" hits="1" branch="true" condition-coverage="100% (2/2)"/>
            <line number="2" hits="1" branch="false"/>
            <line number="4" hits="1" branch="false"/>
          </lines>
        </class>
      </classes>
    </package>
    <package name="UnitConverter.server" line-rate="1" branch-rate="1">
      <classes>
        <class name="index.js" filename="server/index.js" line-rate="1" branch-rate="1">
          <methods>
            <method name="(anonymous_0)" hits="1" signature="()V">
              <lines>
                <line number="17" hits="1"/>
              </lines>
            </method>
            <method name="(anonymous_1)" hits="1" signature="()V">
              <lines>
                <line number="19" hits="1"/>
              </lines>
            </method>
          </methods>
          <lines>
            <line number="2" hits="1" branch="false"/>
            <line number="3" hits="1" branch="false"/>
            <line number="4" hits="1" branch="false"/>
            <line number="5" hits="1" branch="false"/>
            <line number="6" hits="1" branch="false"/>
            <line number="7" hits="1" branch="false"/>
            <line number="9" hits="1" branch="false"/>
            <line number="10" hits="1" branch="false"/>
            <line number="12" hits="1" branch="false"/>
            <line number="13" hits="1" branch="false"/>
            <line number="16" hits="1" branch="false"/>
            <line number="17" hits="1" branch="false"/>
            <line number="18" hits="1" branch="false"/>
            <line number="19" hits="1" branch="false"/>
            <line number="20" hits="1" branch="false"/>
            <line number="21" hits="1" branch="false"/>
            <line number="25" hits="1" branch="false"/>
          </lines>
        </class>
        <class name="utility.js" filename="server/utility.js" line-rate="1" branch-rate="1">
          <methods>
            <method name="(anonymous_0)" hits="3" signature="()V">
              <lines>
                <line number="2" hits="3"/>
              </lines>
            </method>
            <method name="(anonymous_1)" hits="19" signature="()V">
              <lines>
                <line number="13" hits="19"/>
              </lines>
            </method>
            <method name="(anonymous_2)" hits="9" signature="()V">
              <lines>
                <line number="29" hits="9"/>
              </lines>
            </method>
            <method name="(anonymous_3)" hits="3" signature="()V">
              <lines>
                <line number="43" hits="3"/>
              </lines>
            </method>
            <method name="(anonymous_4)" hits="3" signature="()V">
              <lines>
                <line number="53" hits="3"/>
              </lines>
            </method>
            <method name="(anonymous_5)" hits="3" signature="()V">
              <lines>
                <line number="62" hits="3"/>
              </lines>
            </method>
            <method name="(anonymous_6)" hits="6" signature="()V">
              <lines>
                <line number="71" hits="6"/>
              </lines>
            </method>
            <method name="(anonymous_7)" hits="5" signature="()V">
              <lines>
                <line number="84" hits="5"/>
              </lines>
            </method>
            <method name="(anonymous_8)" hits="4" signature="()V">
              <lines>
                <line number="98" hits="4"/>
              </lines>
            </method>
            <method name="(anonymous_9)" hits="4" signature="()V">
              <lines>
                <line number="112" hits="4"/>
              </lines>
            </method>
          </methods>
          <lines>
            <line number="3" hits="3" branch="true" condition-coverage="100% (4/4)"/>
            <line number="4" hits="1" branch="false"/>
            <line number="5" hits="1" branch="false"/>
            <line number="6" hits="2" branch="true" condition-coverage="100% (4/4)"/>
            <line number="7" hits="1" branch="false"/>
            <line number="8" hits="1" branch="false"/>
            <line number="10" hits="1" branch="false"/>
            <line number="14" hits="19" branch="true" condition-coverage="100% (2/2)"/>
            <line number="15" hits="6" branch="false"/>
            <line number="16" hits="6" branch="false"/>
            <line number="17" hits="13" branch="true" condition-coverage="100% (2/2)"/>
            <line number="18" hits="5" branch="false"/>
            <line number="19" hits="5" branch="false"/>
            <line number="20" hits="8" branch="true" condition-coverage="100% (2/2)"/>
            <line number="21" hits="4" branch="false"/>
            <line number="22" hits="4" branch="false"/>
            <line number="24" hits="4" branch="false"/>
            <line number="25" hits="4" branch="false"/>
            <line number="30" hits="9" branch="true" condition-coverage="100% (2/2)"/>
            <line number="31" hits="3" branch="false"/>
            <line number="32" hits="3" branch="false"/>
            <line number="34" hits="6" branch="true" condition-coverage="100% (2/2)"/>
            <line number="35" hits="3" branch="false"/>
            <line number="36" hits="3" branch="false"/>
            <line number="38" hits="3" branch="false"/>
            <line number="39" hits="3" branch="false"/>
            <line number="44" hits="3" branch="true" condition-coverage="100% (2/2)"/>
            <line number="45" hits="1" branch="false"/>
            <line number="46" hits="2" branch="true" condition-coverage="100% (2/2)"/>
            <line number="47" hits="1" branch="false"/>
            <line number="49" hits="1" branch="false"/>
            <line number="54" hits="3" branch="true" condition-coverage="100% (2/2)"/>
            <line number="55" hits="1" branch="false"/>
            <line number="56" hits="2" branch="true" condition-coverage="100% (2/2)"/>
            <line number="57" hits="1" branch="false"/>
            <line number="59" hits="1" branch="false"/>
            <line number="63" hits="3" branch="true" condition-coverage="100% (2/2)"/>
            <line number="64" hits="1" branch="false"/>
            <line number="65" hits="2" branch="true" condition-coverage="100% (2/2)"/>
            <line number="66" hits="1" branch="false"/>
            <line number="68" hits="1" branch="false"/>
            <line number="72" hits="6" branch="true" condition-coverage="100% (2/2)"/>
            <line number="73" hits="2" branch="false"/>
            <line number="75" hits="4" branch="true" condition-coverage="100% (2/2)"/>
            <line number="76" hits="2" branch="false"/>
            <line number="77" hits="2" branch="true" condition-coverage="100% (2/2)"/>
            <line number="78" hits="1" branch="false"/>
            <line number="80" hits="1" branch="false"/>
            <line number="85" hits="5" branch="true" condition-coverage="100% (2/2)"/>
            <line number="86" hits="1" branch="false"/>
            <line number="88" hits="4" branch="true" condition-coverage="100% (2/2)"/>
            <line number="89" hits="1" branch="false"/>
            <line number="91" hits="3" branch="true" condition-coverage="100% (2/2)"/>
            <line number="92" hits="2" branch="false"/>
            <line number="94" hits="1" branch="false"/>
            <line number="99" hits="4" branch="true" condition-coverage="100% (2/2)"/>
            <line number="100" hits="1" branch="false"/>
            <line number="102" hits="3" branch="true" condition-coverage="100% (2/2)"/>
            <line number="103" hits="1" branch="false"/>
            <line number="105" hits="2" branch="true" condition-coverage="100% (2/2)"/>
            <line number="106" hits="1" branch="false"/>
            <line number="108" hits="1" branch="false"/>
            <line number="113" hits="4" branch="true" condition-coverage="100% (2/2)"/>
            <line number="114" hits="1" branch="false"/>
            <line number="116" hits="3" branch="true" condition-coverage="100% (2/2)"/>
            <line number="117" hits="1" branch="false"/>
            <line number="119" hits="2" branch="true" condition-coverage="100% (2/2)"/>
            <line number="120" hits="1" branch="false"/>
            <line number="122" hits="1" branch="false"/>
            <line number="126" hits="1" branch="false"/>
          </lines>
        </class>
      </classes>
    </package>
    <package name="UnitConverter.server.controller" line-rate="0.875" branch-rate="0.8332999999999999">
      <classes>
        <class name="unitConverter.js" filename="server/controller/unitConverter.js" line-rate="0.875" branch-rate="0.8332999999999999">
          <methods>
            <method name="(anonymous_0)" hits="2" signature="()V">
              <lines>
                <line number="6" hits="2"/>
              </lines>
            </method>
            <method name="(anonymous_1)" hits="2" signature="()V">
              <lines>
                <line number="29" hits="2"/>
              </lines>
            </method>
            <method name="(anonymous_2)" hits="2" signature="()V">
              <lines>
                <line number="56" hits="2"/>
              </lines>
            </method>
            <method name="(anonymous_3)" hits="1" signature="()V">
              <lines>
                <line number="70" hits="1"/>
              </lines>
            </method>
          </methods>
          <lines>
            <line number="1" hits="1" branch="false"/>
            <line number="2" hits="1" branch="false"/>
            <line number="3" hits="1" branch="false"/>
            <line number="7" hits="2" branch="false"/>
            <line number="8" hits="2" branch="false"/>
            <line number="9" hits="2" branch="false"/>
            <line number="10" hits="6" branch="true" condition-coverage="100% (2/2)"/>
            <line number="11" hits="1" branch="false"/>
            <line number="15" hits="2" branch="true" condition-coverage="50% (1/2)"/>
            <line number="16" hits="0" branch="false"/>
            <line number="22" hits="2" branch="false"/>
            <line number="29" hits="2" branch="false"/>
            <line number="30" hits="2" branch="true" condition-coverage="100% (2/2)"/>
            <line number="31" hits="1" branch="false"/>
            <line number="36" hits="1" branch="false"/>
            <line number="37" hits="1" branch="false"/>
            <line number="38" hits="1" branch="false"/>
            <line number="49" hits="0" branch="false"/>
            <line number="57" hits="2" branch="false"/>
            <line number="58" hits="2" branch="false"/>
            <line number="59" hits="2" branch="false"/>
            <line number="60" hits="6" branch="true" condition-coverage="100% (2/2)"/>
            <line number="61" hits="1" branch="false"/>
            <line number="64" hits="2" branch="true" condition-coverage="100% (2/2)"/>
            <line number="65" hits="1" branch="false"/>
            <line number="70" hits="1" branch="false"/>
            <line number="71" hits="1" branch="true" condition-coverage="50% (1/2)"/>
            <line number="72" hits="0" branch="false"/>
            <line number="77" hits="1" branch="false"/>
            <line number="81" hits="1" branch="false"/>
            <line number="90" hits="0" branch="false"/>
            <line number="98" hits="1" branch="false"/>
          </lines>
        </class>
      </classes>
    </package>
    <package name="UnitConverter.server.routers" line-rate="1" branch-rate="1">
      <classes>
        <class name="router.js" filename="server/routers/router.js" line-rate="1" branch-rate="1">
          <methods>
          </methods>
          <lines>
            <line number="2" hits="1" branch="false"/>
            <line number="3" hits="1" branch="false"/>
            <line number="4" hits="1" branch="false"/>
            <line number="6" hits="1" branch="false"/>
            <line number="7" hits="1" branch="false"/>
            <line number="9" hits="1" branch="false"/>
          </lines>
        </class>
      </classes>
    </package>
    <package name="UnitConverter.server.services" line-rate="1" branch-rate="0.9492">
      <classes>
        <class name="unitConverter.js" filename="server/services/unitConverter.js" line-rate="1" branch-rate="0.9492">
          <methods>
            <method name="(anonymous_0)" hits="50" signature="()V">
              <lines>
                <line number="6" hits="50"/>
              </lines>
            </method>
            <method name="(anonymous_1)" hits="3" signature="()V">
              <lines>
                <line number="52" hits="3"/>
              </lines>
            </method>
            <method name="(anonymous_2)" hits="19" signature="()V">
              <lines>
                <line number="71" hits="19"/>
              </lines>
            </method>
            <method name="(anonymous_3)" hits="9" signature="()V">
              <lines>
                <line number="90" hits="9"/>
              </lines>
            </method>
            <method name="(anonymous_4)" hits="7" signature="()V">
              <lines>
                <line number="100" hits="7"/>
              </lines>
            </method>
          </methods>
          <lines>
            <line number="1" hits="1" branch="false"/>
            <line number="2" hits="1" branch="false"/>
            <line number="3" hits="1" branch="false"/>
            <line number="4" hits="1" branch="false"/>
            <line number="5" hits="1" branch="false"/>
            <line number="6" hits="1" branch="false"/>
            <line number="7" hits="50" branch="false"/>
            <line number="9" hits="50" branch="false"/>
            <line number="10" hits="50" branch="false"/>
            <line number="11" hits="50" branch="false"/>
            <line number="12" hits="50" branch="false"/>
            <line number="13" hits="50" branch="true" condition-coverage="100% (5/5)"/>
            <line number="14" hits="3" branch="false"/>
            <line number="15" hits="3" branch="false"/>
            <line number="16" hits="3" branch="false"/>
            <line number="18" hits="47" branch="true" condition-coverage="100% (5/5)"/>
            <line number="19" hits="5" branch="false"/>
            <line number="20" hits="5" branch="false"/>
            <line number="21" hits="5" branch="false"/>
            <line number="23" hits="42" branch="true" condition-coverage="100% (2/2)"/>
            <line number="24" hits="1" branch="false"/>
            <line number="25" hits="1" branch="false"/>
            <line number="26" hits="1" branch="false"/>
            <line number="28" hits="41" branch="true" condition-coverage="100% (2/2)"/>
            <line number="29" hits="1" branch="false"/>
            <line number="30" hits="1" branch="false"/>
            <line number="31" hits="1" branch="false"/>
            <line number="33" hits="40" branch="true" condition-coverage="100% (2/2)"/>
            <line number="34" hits="1" branch="false"/>
            <line number="35" hits="1" branch="false"/>
            <line number="36" hits="1" branch="false"/>
            <line number="38" hits="39" branch="true" condition-coverage="100% (2/2)"/>
            <line number="39" hits="6" branch="false"/>
            <line number="40" hits="12" branch="true" condition-coverage="100% (2/2)"/>
            <line number="41" hits="4" branch="false"/>
            <line number="43" hits="12" branch="true" condition-coverage="100% (2/2)"/>
            <line number="44" hits="4" branch="false"/>
            <line number="47" hits="6" branch="true" condition-coverage="100% (4/4)"/>
            <line number="48" hits="3" branch="false"/>
            <line number="49" hits="3" branch="false"/>
            <line number="50" hits="3" branch="false"/>
            <line number="52" hits="3" branch="false"/>
            <line number="53" hits="3" branch="true" condition-coverage="50% (1/2)"/>
            <line number="54" hits="3" branch="false"/>
            <line number="57" hits="33" branch="true" condition-coverage="100% (2/2)"/>
            <line number="58" hits="21" branch="false"/>
            <line number="59" hits="84" branch="true" condition-coverage="100% (2/2)"/>
            <line number="60" hits="20" branch="false"/>
            <line number="62" hits="84" branch="true" condition-coverage="100% (2/2)"/>
            <line number="63" hits="19" branch="false"/>
            <line number="66" hits="21" branch="true" condition-coverage="100% (4/4)"/>
            <line number="67" hits="2" branch="false"/>
            <line number="68" hits="2" branch="false"/>
            <line number="69" hits="2" branch="false"/>
            <line number="71" hits="19" branch="false"/>
            <line number="72" hits="19" branch="true" condition-coverage="50% (1/2)"/>
            <line number="73" hits="19" branch="false"/>
            <line number="77" hits="12" branch="false"/>
            <line number="78" hits="36" branch="true" condition-coverage="100% (2/2)"/>
            <line number="79" hits="10" branch="false"/>
            <line number="81" hits="36" branch="true" condition-coverage="100% (2/2)"/>
            <line number="82" hits="10" branch="false"/>
            <line number="85" hits="12" branch="true" condition-coverage="100% (4/4)"/>
            <line number="86" hits="3" branch="false"/>
            <line number="87" hits="3" branch="false"/>
            <line number="88" hits="3" branch="false"/>
            <line number="90" hits="9" branch="false"/>
            <line number="91" hits="9" branch="true" condition-coverage="50% (1/2)"/>
            <line number="92" hits="9" branch="false"/>
            <line number="97" hits="19" branch="false"/>
            <line number="100" hits="1" branch="false"/>
            <line number="101" hits="7" branch="false"/>
            <line number="102" hits="7" branch="true" condition-coverage="100% (5/5)"/>
            <line number="103" hits="3" branch="false"/>
            <line number="104" hits="4" branch="true" condition-coverage="100% (2/2)"/>
            <line number="105" hits="2" branch="false"/>
            <line number="106" hits="2" branch="true" condition-coverage="100% (2/2)"/>
            <line number="107" hits="1" branch="false"/>
            <line number="109" hits="1" branch="false"/>
            <line number="112" hits="3" branch="false"/>
          </lines>
        </class>
      </classes>
    </package>
  </packages>
</coverage>
