<?xml version="1.0" ?>
<!DOCTYPE coverage SYSTEM "http://cobertura.sourceforge.net/xml/coverage-04.dtd">
<coverage lines-valid="113" lines-covered="104" line-rate="0.9204000000000001" branches-valid="64" branches-covered="58" branch-rate="0.9063" timestamp="1576762308951" complexity="0" version="0.1">
  <sources>
    <source>/home/honey/Projects/UnitConverter</source>
  </sources>
  <packages>
    <package name="server" line-rate="0.8301999999999999" branch-rate="0.875">
      <classes>
        <class name="index.js" filename="server/index.js" line-rate="0.5714" branch-rate="1">
          <methods>
            <method name="(anonymous_0)" hits="0" signature="()V">
              <lines>
                <line number="15" hits="0"/>
              </lines>
            </method>
            <method name="(anonymous_1)" hits="0" signature="()V">
              <lines>
                <line number="25" hits="0"/>
              </lines>
            </method>
            <method name="(anonymous_2)" hits="0" signature="()V">
              <lines>
                <line number="27" hits="0"/>
              </lines>
            </method>
          </methods>
          <lines>
            <line number="2" hits="1" branch="false"/>
            <line number="3" hits="1" branch="false"/>
            <line number="4" hits="1" branch="false"/>
            <line number="5" hits="1" branch="false"/>
            <line number="6" hits="1" branch="false"/>
            <line number="8" hits="1" branch="false"/>
            <line number="10" hits="1" branch="false"/>
            <line number="11" hits="1" branch="false"/>
            <line number="15" hits="1" branch="false"/>
            <line number="16" hits="0" branch="false"/>
            <line number="17" hits="0" branch="false"/>
            <line number="18" hits="0" branch="false"/>
            <line number="19" hits="0" branch="false"/>
            <line number="20" hits="0" branch="false"/>
            <line number="23" hits="1" branch="false"/>
            <line number="25" hits="1" branch="false"/>
            <line number="26" hits="0" branch="false"/>
            <line number="27" hits="0" branch="false"/>
            <line number="28" hits="0" branch="false"/>
            <line number="29" hits="0" branch="false"/>
            <line number="33" hits="1" branch="false"/>
          </lines>
        </class>
        <class name="utility.js" filename="server/utility.js" line-rate="1" branch-rate="0.875">
          <methods>
            <method name="(anonymous_0)" hits="2" signature="()V">
              <lines>
                <line number="2" hits="2"/>
              </lines>
            </method>
            <method name="(anonymous_1)" hits="11" signature="()V">
              <lines>
                <line number="11" hits="11"/>
              </lines>
            </method>
            <method name="(anonymous_2)" hits="5" signature="()V">
              <lines>
                <line number="23" hits="5"/>
              </lines>
            </method>
            <method name="(anonymous_3)" hits="3" signature="()V">
              <lines>
                <line number="34" hits="3"/>
              </lines>
            </method>
            <method name="(anonymous_4)" hits="3" signature="()V">
              <lines>
                <line number="45" hits="3"/>
              </lines>
            </method>
          </methods>
          <lines>
            <line number="3" hits="2" branch="true" condition-coverage="100% (2/2)"/>
            <line number="4" hits="1" branch="false"/>
            <line number="5" hits="1" branch="false"/>
            <line number="7" hits="1" branch="false"/>
            <line number="8" hits="1" branch="false"/>
            <line number="12" hits="11" branch="true" condition-coverage="100% (2/2)"/>
            <line number="13" hits="5" branch="false"/>
            <line number="14" hits="5" branch="false"/>
            <line number="15" hits="6" branch="true" condition-coverage="100% (2/2)"/>
            <line number="16" hits="3" branch="false"/>
            <line number="17" hits="3" branch="false"/>
            <line number="19" hits="3" branch="false"/>
            <line number="20" hits="3" branch="false"/>
            <line number="24" hits="5" branch="true" condition-coverage="100% (2/2)"/>
            <line number="25" hits="2" branch="false"/>
            <line number="27" hits="3" branch="true" condition-coverage="100% (2/2)"/>
            <line number="28" hits="2" branch="false"/>
            <line number="29" hits="1" branch="true" condition-coverage="50% (1/2)"/>
            <line number="30" hits="1" branch="false"/>
            <line number="35" hits="3" branch="true" condition-coverage="100% (2/2)"/>
            <line number="36" hits="1" branch="false"/>
            <line number="38" hits="2" branch="true" condition-coverage="100% (2/2)"/>
            <line number="39" hits="1" branch="false"/>
            <line number="40" hits="1" branch="true" condition-coverage="50% (1/2)"/>
            <line number="41" hits="1" branch="false"/>
            <line number="46" hits="3" branch="true" condition-coverage="100% (2/2)"/>
            <line number="47" hits="1" branch="false"/>
            <line number="49" hits="2" branch="true" condition-coverage="100% (2/2)"/>
            <line number="50" hits="1" branch="false"/>
            <line number="52" hits="1" branch="true" condition-coverage="50% (1/2)"/>
            <line number="53" hits="1" branch="false"/>
            <line number="57" hits="1" branch="false"/>
          </lines>
        </class>
      </classes>
    </package>
    <package name="server.routers" line-rate="1" branch-rate="1">
      <classes>
        <class name="router.js" filename="server/routers/router.js" line-rate="1" branch-rate="1">
          <methods>
          </methods>
          <lines>
            <line number="1" hits="1" branch="false"/>
            <line number="2" hits="1" branch="false"/>
            <line number="4" hits="1" branch="false"/>
            <line number="7" hits="1" branch="false"/>
          </lines>
        </class>
      </classes>
    </package>
    <package name="server.services" line-rate="1" branch-rate="0.925">
      <classes>
        <class name="unitConverter.js" filename="server/services/unitConverter.js" line-rate="1" branch-rate="0.925">
          <methods>
            <method name="(anonymous_0)" hits="28" signature="()V">
              <lines>
                <line number="4" hits="28"/>
              </lines>
            </method>
            <method name="(anonymous_1)" hits="2" signature="()V">
              <lines>
                <line number="50" hits="2"/>
              </lines>
            </method>
            <method name="(anonymous_2)" hits="11" signature="()V">
              <lines>
                <line number="69" hits="11"/>
              </lines>
            </method>
          </methods>
          <lines>
            <line number="1" hits="1" branch="false"/>
            <line number="2" hits="1" branch="false"/>
            <line number="3" hits="1" branch="false"/>
            <line number="4" hits="1" branch="false"/>
            <line number="5" hits="28" branch="false"/>
            <line number="7" hits="28" branch="false"/>
            <line number="8" hits="28" branch="false"/>
            <line number="9" hits="28" branch="false"/>
            <line number="10" hits="28" branch="false"/>
            <line number="11" hits="28" branch="true" condition-coverage="100% (5/5)"/>
            <line number="12" hits="3" branch="false"/>
            <line number="13" hits="3" branch="false"/>
            <line number="14" hits="3" branch="false"/>
            <line number="16" hits="25" branch="true" condition-coverage="100% (5/5)"/>
            <line number="17" hits="4" branch="false"/>
            <line number="18" hits="4" branch="false"/>
            <line number="19" hits="4" branch="false"/>
            <line number="21" hits="21" branch="true" condition-coverage="100% (2/2)"/>
            <line number="22" hits="1" branch="false"/>
            <line number="23" hits="1" branch="false"/>
            <line number="24" hits="1" branch="false"/>
            <line number="26" hits="20" branch="true" condition-coverage="100% (2/2)"/>
            <line number="27" hits="1" branch="false"/>
            <line number="28" hits="1" branch="false"/>
            <line number="29" hits="1" branch="false"/>
            <line number="31" hits="19" branch="true" condition-coverage="100% (2/2)"/>
            <line number="32" hits="1" branch="false"/>
            <line number="33" hits="1" branch="false"/>
            <line number="34" hits="1" branch="false"/>
            <line number="36" hits="18" branch="true" condition-coverage="100% (2/2)"/>
            <line number="37" hits="5" branch="false"/>
            <line number="38" hits="10" branch="true" condition-coverage="100% (2/2)"/>
            <line number="39" hits="3" branch="false"/>
            <line number="41" hits="10" branch="true" condition-coverage="100% (2/2)"/>
            <line number="42" hits="3" branch="false"/>
            <line number="45" hits="5" branch="true" condition-coverage="100% (4/4)"/>
            <line number="46" hits="3" branch="false"/>
            <line number="47" hits="3" branch="false"/>
            <line number="48" hits="3" branch="false"/>
            <line number="50" hits="2" branch="false"/>
            <line number="51" hits="2" branch="true" condition-coverage="50% (1/2)"/>
            <line number="52" hits="2" branch="false"/>
            <line number="55" hits="13" branch="true" condition-coverage="50% (1/2)"/>
            <line number="56" hits="13" branch="false"/>
            <line number="57" hits="52" branch="true" condition-coverage="100% (2/2)"/>
            <line number="58" hits="12" branch="false"/>
            <line number="60" hits="52" branch="true" condition-coverage="100% (2/2)"/>
            <line number="61" hits="11" branch="false"/>
            <line number="64" hits="13" branch="true" condition-coverage="100% (4/4)"/>
            <line number="65" hits="2" branch="false"/>
            <line number="66" hits="2" branch="false"/>
            <line number="67" hits="2" branch="false"/>
            <line number="69" hits="11" branch="false"/>
            <line number="70" hits="11" branch="true" condition-coverage="50% (1/2)"/>
            <line number="71" hits="11" branch="false"/>
            <line number="76" hits="15" branch="false"/>
          </lines>
        </class>
      </classes>
    </package>
  </packages>
</coverage>
