TN:
SF:/home/honey/Projects/UnitConverter/server/index.js
FN:15,(anonymous_0)
FN:25,(anonymous_1)
FN:27,(anonymous_2)
FNF:3
FNH:0
FNDA:0,(anonymous_0)
FNDA:0,(anonymous_1)
FNDA:0,(anonymous_2)
DA:2,1
DA:3,1
DA:4,1
DA:5,1
DA:6,1
DA:8,1
DA:10,1
DA:11,1
DA:15,1
DA:16,0
DA:17,0
DA:18,0
DA:19,0
DA:20,0
DA:23,1
DA:25,1
DA:26,0
DA:27,0
DA:28,0
DA:29,0
DA:33,1
LF:21
LH:12
BRF:0
BRH:0
end_of_record
TN:
SF:/home/honey/Projects/UnitConverter/server/utility.js
FN:2,(anonymous_0)
FN:11,(anonymous_1)
FN:17,(anonymous_2)
FNF:3
FNH:3
FNDA:2,(anonymous_0)
FNDA:4,(anonymous_1)
FNDA:4,(anonymous_2)
DA:3,2
DA:4,1
DA:5,1
DA:7,1
DA:8,1
DA:12,4
DA:13,4
DA:14,4
DA:18,4
DA:19,2
DA:21,2
DA:22,1
DA:23,1
DA:24,1
DA:28,1
LF:15
LH:15
BRDA:3,0,0,1
BRDA:3,0,1,1
BRDA:12,1,0,4
BRDA:12,1,1,0
BRDA:18,2,0,2
BRDA:18,2,1,2
BRDA:21,3,0,1
BRDA:21,3,1,1
BRDA:23,4,0,1
BRDA:23,4,1,0
BRF:10
BRH:8
end_of_record
TN:
SF:/home/honey/Projects/UnitConverter/server/routers/router.js
FNF:0
FNH:0
DA:1,1
DA:2,1
DA:4,1
DA:7,1
LF:4
LH:4
BRF:0
BRH:0
end_of_record
TN:
SF:/home/honey/Projects/UnitConverter/server/services/unitConverter.js
FN:4,(anonymous_0)
FN:54,(anonymous_1)
FN:73,(anonymous_2)
FNF:3
FNH:3
FNDA:21,(anonymous_0)
FNDA:2,(anonymous_1)
FNDA:4,(anonymous_2)
DA:1,1
DA:2,1
DA:3,1
DA:4,1
DA:5,21
DA:7,21
DA:8,21
DA:9,21
DA:10,21
DA:11,21
DA:12,21
DA:13,3
DA:14,3
DA:15,3
DA:17,18
DA:18,4
DA:19,4
DA:20,4
DA:22,14
DA:23,1
DA:24,1
DA:25,1
DA:26,1
DA:28,13
DA:29,1
DA:30,1
DA:31,1
DA:32,1
DA:34,12
DA:35,1
DA:36,1
DA:37,1
DA:38,1
DA:40,11
DA:41,5
DA:42,10
DA:43,3
DA:45,10
DA:46,3
DA:49,5
DA:50,3
DA:51,3
DA:52,3
DA:54,2
DA:55,2
DA:56,2
DA:59,6
DA:60,6
DA:61,24
DA:62,5
DA:64,24
DA:65,4
DA:68,6
DA:69,2
DA:70,2
DA:71,2
DA:73,4
DA:74,4
DA:75,4
DA:80,15
LF:60
LH:60
BRDA:12,0,0,3
BRDA:12,0,1,18
BRDA:12,1,0,21
BRDA:12,1,1,20
BRDA:12,1,2,19
BRDA:17,2,0,4
BRDA:17,2,1,14
BRDA:17,3,0,18
BRDA:17,3,1,16
BRDA:17,3,2,15
BRDA:22,4,0,1
BRDA:22,4,1,13
BRDA:28,5,0,1
BRDA:28,5,1,12
BRDA:34,6,0,1
BRDA:34,6,1,11
BRDA:40,7,0,5
BRDA:40,7,1,6
BRDA:42,8,0,3
BRDA:42,8,1,7
BRDA:45,9,0,3
BRDA:45,9,1,7
BRDA:49,10,0,3
BRDA:49,10,1,2
BRDA:49,11,0,5
BRDA:49,11,1,3
BRDA:55,12,0,2
BRDA:55,12,1,0
BRDA:59,13,0,6
BRDA:59,13,1,0
BRDA:61,14,0,5
BRDA:61,14,1,19
BRDA:64,15,0,4
BRDA:64,15,1,20
BRDA:68,16,0,2
BRDA:68,16,1,4
BRDA:68,17,0,6
BRDA:68,17,1,5
BRDA:74,18,0,4
BRDA:74,18,1,0
BRF:40
BRH:37
end_of_record
