TN:
SF:/home/honey/Projects/UnitConverter/server/index.js
FN:15,(anonymous_0)
FN:25,(anonymous_1)
FN:27,(anonymous_2)
FNF:3
FNH:0
FNDA:0,(anonymous_0)
FNDA:0,(anonymous_1)
FNDA:0,(anonymous_2)
DA:2,1
DA:3,1
DA:4,1
DA:5,1
DA:6,1
DA:8,1
DA:10,1
DA:11,1
DA:15,1
DA:16,0
DA:17,0
DA:18,0
DA:19,0
DA:20,0
DA:23,1
DA:25,1
DA:26,0
DA:27,0
DA:28,0
DA:29,0
DA:33,1
LF:21
LH:12
BRF:0
BRH:0
end_of_record
TN:
SF:/home/honey/Projects/UnitConverter/server/utility.js
FN:2,(anonymous_0)
FN:11,(anonymous_1)
FN:23,(anonymous_2)
FN:34,(anonymous_3)
FN:45,(anonymous_4)
FNF:5
FNH:5
FNDA:2,(anonymous_0)
FNDA:11,(anonymous_1)
FNDA:5,(anonymous_2)
FNDA:3,(anonymous_3)
FNDA:3,(anonymous_4)
DA:3,2
DA:4,1
DA:5,1
DA:7,1
DA:8,1
DA:12,11
DA:13,5
DA:14,5
DA:15,6
DA:16,3
DA:17,3
DA:19,3
DA:20,3
DA:24,5
DA:25,2
DA:27,3
DA:28,2
DA:29,1
DA:30,1
DA:35,3
DA:36,1
DA:38,2
DA:39,1
DA:40,1
DA:41,1
DA:46,3
DA:47,1
DA:49,2
DA:50,1
DA:52,1
DA:53,1
DA:57,1
LF:32
LH:32
BRDA:3,0,0,1
BRDA:3,0,1,1
BRDA:12,1,0,5
BRDA:12,1,1,6
BRDA:15,2,0,3
BRDA:15,2,1,3
BRDA:24,3,0,2
BRDA:24,3,1,3
BRDA:27,4,0,2
BRDA:27,4,1,1
BRDA:29,5,0,1
BRDA:29,5,1,0
BRDA:35,6,0,1
BRDA:35,6,1,2
BRDA:38,7,0,1
BRDA:38,7,1,1
BRDA:40,8,0,1
BRDA:40,8,1,0
BRDA:46,9,0,1
BRDA:46,9,1,2
BRDA:49,10,0,1
BRDA:49,10,1,1
BRDA:52,11,0,1
BRDA:52,11,1,0
BRF:24
BRH:21
end_of_record
TN:
SF:/home/honey/Projects/UnitConverter/server/routers/router.js
FNF:0
FNH:0
DA:1,1
DA:2,1
DA:4,1
DA:7,1
LF:4
LH:4
BRF:0
BRH:0
end_of_record
TN:
SF:/home/honey/Projects/UnitConverter/server/services/unitConverter.js
FN:4,(anonymous_0)
FN:50,(anonymous_1)
FN:69,(anonymous_2)
FNF:3
FNH:3
FNDA:28,(anonymous_0)
FNDA:2,(anonymous_1)
FNDA:11,(anonymous_2)
DA:1,1
DA:2,1
DA:3,1
DA:4,1
DA:5,28
DA:7,28
DA:8,28
DA:9,28
DA:10,28
DA:11,28
DA:12,3
DA:13,3
DA:14,3
DA:16,25
DA:17,4
DA:18,4
DA:19,4
DA:21,21
DA:22,1
DA:23,1
DA:24,1
DA:26,20
DA:27,1
DA:28,1
DA:29,1
DA:31,19
DA:32,1
DA:33,1
DA:34,1
DA:36,18
DA:37,5
DA:38,10
DA:39,3
DA:41,10
DA:42,3
DA:45,5
DA:46,3
DA:47,3
DA:48,3
DA:50,2
DA:51,2
DA:52,2
DA:55,13
DA:56,13
DA:57,52
DA:58,12
DA:60,52
DA:61,11
DA:64,13
DA:65,2
DA:66,2
DA:67,2
DA:69,11
DA:70,11
DA:71,11
DA:76,15
LF:56
LH:56
BRDA:11,0,0,3
BRDA:11,0,1,25
BRDA:11,1,0,28
BRDA:11,1,1,27
BRDA:11,1,2,26
BRDA:16,2,0,4
BRDA:16,2,1,21
BRDA:16,3,0,25
BRDA:16,3,1,23
BRDA:16,3,2,22
BRDA:21,4,0,1
BRDA:21,4,1,20
BRDA:26,5,0,1
BRDA:26,5,1,19
BRDA:31,6,0,1
BRDA:31,6,1,18
BRDA:36,7,0,5
BRDA:36,7,1,13
BRDA:38,8,0,3
BRDA:38,8,1,7
BRDA:41,9,0,3
BRDA:41,9,1,7
BRDA:45,10,0,3
BRDA:45,10,1,2
BRDA:45,11,0,5
BRDA:45,11,1,3
BRDA:51,12,0,2
BRDA:51,12,1,0
BRDA:55,13,0,13
BRDA:55,13,1,0
BRDA:57,14,0,12
BRDA:57,14,1,40
BRDA:60,15,0,11
BRDA:60,15,1,41
BRDA:64,16,0,2
BRDA:64,16,1,11
BRDA:64,17,0,13
BRDA:64,17,1,12
BRDA:70,18,0,11
BRDA:70,18,1,0
BRF:40
BRH:37
end_of_record
